<?xml version="1.0" encoding="UTF-8"?>
<testsuite name="test.java.TableauStringTest" tests="1" skipped="0" failures="0" errors="0" timestamp="2015-11-25T11:43:19" hostname="r20009" time="0.009">
  <properties/>
  <testcase name="testRechercheDicho" classname="test.java.TableauStringTest" time="0.009"/>
  <system-out><![CDATA[la valeur est dans le tableau Ã  l'indice: 2
]]></system-out>
  <system-err><![CDATA[]]></system-err>
</testsuite>
