<?xml version="1.0" encoding="UTF-8"?>
<testsuite name="TabEntierTest" tests="1" skipped="0" failures="0" errors="0" timestamp="2015-11-25T12:02:42" hostname="r20017" time="0.006">
  <properties/>
  <testcase name="testTabEntier" classname="TabEntierTest" time="0.006"/>
  <system-out><![CDATA[]]></system-out>
  <system-err><![CDATA[]]></system-err>
</testsuite>
